<?xml version="1.0" encoding="UTF-8"?>
<!-- Generated by org.testng.reporters.JUnitReportReporter -->
<testsuite skipped="0" hostname="Mayur-HP" name="com.crm.qa.testcases.HomePageTest" tests="3" failures="0" timestamp="10 Feb 2018 21:55:21 GMT" time="37.434" errors="0">
  <testcase name="verifyHomePageTitleTest" time="13.022" classname="com.crm.qa.testcases.HomePageTest"/>
  <testcase name="verifyUserNameTest" time="9.253" classname="com.crm.qa.testcases.HomePageTest"/>
  <testcase name="verifyContactsLinkTest" time="15.159" classname="com.crm.qa.testcases.HomePageTest"/>
</testsuite> <!-- com.crm.qa.testcases.HomePageTest -->
