<?xml version="1.0" encoding="UTF-8"?>
<!-- Generated by org.testng.reporters.JUnitReportReporter -->
<testsuite skipped="0" hostname="Mayur-HP" name="com.crm.qa.testcases.LoginPageTest" tests="3" failures="0" timestamp="10 Feb 2018 21:55:21 GMT" time="24.421" errors="0">
  <testcase name="loginPageTitleTest" time="7.974" classname="com.crm.qa.testcases.LoginPageTest"/>
  <testcase name="crmLogotest" time="6.997" classname="com.crm.qa.testcases.LoginPageTest"/>
  <testcase name="loginTest" time="9.450" classname="com.crm.qa.testcases.LoginPageTest"/>
</testsuite> <!-- com.crm.qa.testcases.LoginPageTest -->
