<?xml version="1.0" encoding="UTF-8"?>
<!-- Generated by org.testng.reporters.JUnitReportReporter -->
<testsuite skipped="0" hostname="Mayur-HP" name="com.crm.qa.testcases.HomePageTest" tests="3" failures="0" timestamp="11 Feb 2018 01:02:03 GMT" time="30.355" errors="0">
  <testcase name="verifyHomePageTitleTest" time="9.303" classname="com.crm.qa.testcases.HomePageTest"/>
  <testcase name="verifyUserNameTest" time="8.854" classname="com.crm.qa.testcases.HomePageTest"/>
  <testcase name="verifyContactsLinkTest" time="12.198" classname="com.crm.qa.testcases.HomePageTest"/>
</testsuite> <!-- com.crm.qa.testcases.HomePageTest -->
