<?xml version="1.0" encoding="UTF-8"?>
<!-- Generated by org.testng.reporters.JUnitReportReporter -->
<testsuite skipped="0" hostname="Mayur-HP" name="com.crm.qa.testcases.LoginPageTest" tests="3" failures="0" timestamp="11 Feb 2018 01:02:03 GMT" time="27.059" errors="0">
  <testcase name="loginPageTitleTest" time="7.200" classname="com.crm.qa.testcases.LoginPageTest"/>
  <testcase name="crmLogotest" time="7.436" classname="com.crm.qa.testcases.LoginPageTest"/>
  <testcase name="loginTest" time="12.423" classname="com.crm.qa.testcases.LoginPageTest"/>
</testsuite> <!-- com.crm.qa.testcases.LoginPageTest -->
